[13:24:04:558] [INFO] - org.springframework.boot.test.context.SpringBootTestContextBootstrapper
     --- org.springframework.test.context.support.AbstractTestContextBootstrapper.buildDefaultMergedContextConfiguration(AbstractTestContextBootstrapper.java:305) Neither @ContextConfiguration nor @ContextHierarchy found for test class [chengweiou.universe.wormhole.service.ReqRecordTest], using SpringBootContextLoader
[13:24:04:567] [INFO] - org.springframework.test.context.support.AbstractContextLoader
     --- org.springframework.test.context.support.AbstractContextLoader.generateDefaultLocations(AbstractContextLoader.java:264) Could not detect default resource locations for test class [chengweiou.universe.wormhole.service.ReqRecordTest]: no resource found for suffixes {-context.xml, Context.groovy}.
[13:24:04:567] [INFO] - org.springframework.test.context.support.AnnotationConfigContextLoaderUtils
     --- org.springframework.test.context.support.AnnotationConfigContextLoaderUtils.detectDefaultConfigurationClasses(AnnotationConfigContextLoaderUtils.java:83) Could not detect default configuration classes for test class [chengweiou.universe.wormhole.service.ReqRecordTest]: ReqRecordTest does not declare any static, non-private, non-final, nested classes annotated with @Configuration.
[13:24:04:654] [INFO] - org.springframework.boot.test.context.SpringBootTestContextBootstrapper
     --- org.springframework.boot.test.context.SpringBootTestContextBootstrapper.getOrFindConfigurationClasses(SpringBootTestContextBootstrapper.java:238) Found @SpringBootConfiguration chengweiou.universe.wormhole.WormholeApplication for test class chengweiou.universe.wormhole.service.ReqRecordTest
[13:24:04:734] [INFO] - org.springframework.boot.test.context.SpringBootTestContextBootstrapper
     --- org.springframework.test.context.support.AbstractTestContextBootstrapper.getDefaultTestExecutionListenerClassNames(AbstractTestContextBootstrapper.java:245) Loaded default TestExecutionListener class names from location [META-INF/spring.factories]: [org.springframework.boot.test.autoconfigure.restdocs.RestDocsTestExecutionListener, org.springframework.boot.test.autoconfigure.web.client.MockRestServiceServerResetTestExecutionListener, org.springframework.boot.test.autoconfigure.web.servlet.MockMvcPrintOnlyOnFailureTestExecutionListener, org.springframework.boot.test.autoconfigure.web.servlet.WebDriverTestExecutionListener, org.springframework.boot.test.autoconfigure.webservices.client.MockWebServiceServerTestExecutionListener, org.springframework.boot.test.mock.mockito.MockitoTestExecutionListener, org.springframework.boot.test.mock.mockito.ResetMocksTestExecutionListener, org.springframework.test.context.web.ServletTestExecutionListener, org.springframework.test.context.support.DirtiesContextBeforeModesTestExecutionListener, org.springframework.test.context.event.ApplicationEventsTestExecutionListener, org.springframework.test.context.support.DependencyInjectionTestExecutionListener, org.springframework.test.context.support.DirtiesContextTestExecutionListener, org.springframework.test.context.transaction.TransactionalTestExecutionListener, org.springframework.test.context.jdbc.SqlScriptsTestExecutionListener, org.springframework.test.context.event.EventPublishingTestExecutionListener]
[13:24:04:747] [INFO] - org.springframework.boot.test.context.SpringBootTestContextBootstrapper
     --- org.springframework.test.context.support.AbstractTestContextBootstrapper.getTestExecutionListeners(AbstractTestContextBootstrapper.java:174) Using TestExecutionListeners: [org.springframework.test.context.support.DirtiesContextBeforeModesTestExecutionListener@5e9456ae, org.springframework.test.context.event.ApplicationEventsTestExecutionListener@16a9a4f1, org.springframework.boot.test.mock.mockito.MockitoTestExecutionListener@1f1cae23, org.springframework.boot.test.autoconfigure.SpringBootDependencyInjectionTestExecutionListener@7c455e96, org.springframework.test.context.support.DirtiesContextTestExecutionListener@985696, org.springframework.test.context.transaction.TransactionalTestExecutionListener@5bcde458, org.springframework.test.context.jdbc.SqlScriptsTestExecutionListener@215a34b4, org.springframework.test.context.event.EventPublishingTestExecutionListener@77bd7fe7, org.springframework.boot.test.autoconfigure.restdocs.RestDocsTestExecutionListener@35d3ab60, org.springframework.boot.test.autoconfigure.web.client.MockRestServiceServerResetTestExecutionListener@10876a6, org.springframework.boot.test.autoconfigure.web.servlet.MockMvcPrintOnlyOnFailureTestExecutionListener@71870da7, org.springframework.boot.test.autoconfigure.web.servlet.WebDriverTestExecutionListener@6dd91637, org.springframework.boot.test.autoconfigure.webservices.client.MockWebServiceServerTestExecutionListener@45792847, org.springframework.boot.test.mock.mockito.ResetMocksTestExecutionListener@706cb08]
[13:24:05:019] [INFO] - org.hibernate.validator.internal.util.Version
     --- org.hibernate.validator.internal.util.Version.<clinit>(Version.java:21) HV000001: Hibernate Validator 6.2.0.Final
[13:24:05:035] [INFO] - chengweiou.universe.wormhole.service.ReqRecordTest
     --- org.springframework.boot.StartupInfoLogger.logStarting(StartupInfoLogger.java:55) Starting ReqRecordTest using Java 11.0.2 on chengweis-MacBook-Pro.local with PID 95608 (started by chengweiou in /Users/chengweiou/Desktop/project/universe/wormhole)
[13:24:05:036] [INFO] - chengweiou.universe.wormhole.service.ReqRecordTest
     --- org.springframework.boot.SpringApplication.logStartupProfileInfo(SpringApplication.java:667) The following profiles are active: test
[13:24:05:889] [INFO] - org.springframework.cloud.context.scope.GenericScope
     --- org.springframework.cloud.context.scope.GenericScope.setSerializationId(GenericScope.java:283) BeanFactory id=503bf69b-5e1b-356d-95f8-f13493396bec
[13:24:07:161] [INFO] - org.springframework.cloud.gateway.route.RouteDefinitionRouteLocator
     --- org.springframework.cloud.gateway.route.RouteDefinitionRouteLocator.lambda$initFactories$1(RouteDefinitionRouteLocator.java:88) Loaded RoutePredicateFactory [After]
[13:24:07:162] [INFO] - org.springframework.cloud.gateway.route.RouteDefinitionRouteLocator
     --- org.springframework.cloud.gateway.route.RouteDefinitionRouteLocator.lambda$initFactories$1(RouteDefinitionRouteLocator.java:88) Loaded RoutePredicateFactory [Before]
[13:24:07:162] [INFO] - org.springframework.cloud.gateway.route.RouteDefinitionRouteLocator
     --- org.springframework.cloud.gateway.route.RouteDefinitionRouteLocator.lambda$initFactories$1(RouteDefinitionRouteLocator.java:88) Loaded RoutePredicateFactory [Between]
[13:24:07:162] [INFO] - org.springframework.cloud.gateway.route.RouteDefinitionRouteLocator
     --- org.springframework.cloud.gateway.route.RouteDefinitionRouteLocator.lambda$initFactories$1(RouteDefinitionRouteLocator.java:88) Loaded RoutePredicateFactory [Cookie]
[13:24:07:162] [INFO] - org.springframework.cloud.gateway.route.RouteDefinitionRouteLocator
     --- org.springframework.cloud.gateway.route.RouteDefinitionRouteLocator.lambda$initFactories$1(RouteDefinitionRouteLocator.java:88) Loaded RoutePredicateFactory [Header]
[13:24:07:162] [INFO] - org.springframework.cloud.gateway.route.RouteDefinitionRouteLocator
     --- org.springframework.cloud.gateway.route.RouteDefinitionRouteLocator.lambda$initFactories$1(RouteDefinitionRouteLocator.java:88) Loaded RoutePredicateFactory [Host]
[13:24:07:163] [INFO] - org.springframework.cloud.gateway.route.RouteDefinitionRouteLocator
     --- org.springframework.cloud.gateway.route.RouteDefinitionRouteLocator.lambda$initFactories$1(RouteDefinitionRouteLocator.java:88) Loaded RoutePredicateFactory [Method]
[13:24:07:163] [INFO] - org.springframework.cloud.gateway.route.RouteDefinitionRouteLocator
     --- org.springframework.cloud.gateway.route.RouteDefinitionRouteLocator.lambda$initFactories$1(RouteDefinitionRouteLocator.java:88) Loaded RoutePredicateFactory [Path]
[13:24:07:163] [INFO] - org.springframework.cloud.gateway.route.RouteDefinitionRouteLocator
     --- org.springframework.cloud.gateway.route.RouteDefinitionRouteLocator.lambda$initFactories$1(RouteDefinitionRouteLocator.java:88) Loaded RoutePredicateFactory [Query]
[13:24:07:163] [INFO] - org.springframework.cloud.gateway.route.RouteDefinitionRouteLocator
     --- org.springframework.cloud.gateway.route.RouteDefinitionRouteLocator.lambda$initFactories$1(RouteDefinitionRouteLocator.java:88) Loaded RoutePredicateFactory [ReadBody]
[13:24:07:163] [INFO] - org.springframework.cloud.gateway.route.RouteDefinitionRouteLocator
     --- org.springframework.cloud.gateway.route.RouteDefinitionRouteLocator.lambda$initFactories$1(RouteDefinitionRouteLocator.java:88) Loaded RoutePredicateFactory [RemoteAddr]
[13:24:07:164] [INFO] - org.springframework.cloud.gateway.route.RouteDefinitionRouteLocator
     --- org.springframework.cloud.gateway.route.RouteDefinitionRouteLocator.lambda$initFactories$1(RouteDefinitionRouteLocator.java:88) Loaded RoutePredicateFactory [Weight]
[13:24:07:164] [INFO] - org.springframework.cloud.gateway.route.RouteDefinitionRouteLocator
     --- org.springframework.cloud.gateway.route.RouteDefinitionRouteLocator.lambda$initFactories$1(RouteDefinitionRouteLocator.java:88) Loaded RoutePredicateFactory [CloudFoundryRouteService]
[13:24:07:561] [INFO] - org.springframework.boot.actuate.endpoint.web.EndpointLinksResolver
     --- org.springframework.boot.actuate.endpoint.web.EndpointLinksResolver.<init>(EndpointLinksResolver.java:58) Exposing 1 endpoint(s) beneath base path '/actuator'
[13:24:07:763] [INFO] - com.zaxxer.hikari.HikariDataSource
     --- com.zaxxer.hikari.HikariDataSource.getConnection(HikariDataSource.java:110) HikariPool-1 - Starting...
[13:24:07:921] [INFO] - com.zaxxer.hikari.HikariDataSource
     --- com.zaxxer.hikari.HikariDataSource.getConnection(HikariDataSource.java:123) HikariPool-1 - Start completed.
[13:24:08:092] [INFO] - chengweiou.universe.wormhole.service.ReqRecordTest
     --- org.springframework.boot.StartupInfoLogger.logStarted(StartupInfoLogger.java:61) Started ReqRecordTest in 3.297 seconds (JVM running for 4.495)
[13:24:08:094] [INFO] - org.springframework.boot.availability.ApplicationAvailabilityBean
     --- org.springframework.boot.availability.ApplicationAvailabilityBean.logStateChange(ApplicationAvailabilityBean.java:75) Application availability state LivenessState changed to CORRECT
[13:24:08:097] [INFO] - org.springframework.boot.availability.ApplicationAvailabilityBean
     --- org.springframework.boot.availability.ApplicationAvailabilityBean.logStateChange(ApplicationAvailabilityBean.java:75) Application availability state ReadinessState changed to ACCEPTING_TRAFFIC
[13:25:32:500] [INFO] - org.springframework.boot.test.context.SpringBootTestContextBootstrapper
     --- org.springframework.test.context.support.AbstractTestContextBootstrapper.buildDefaultMergedContextConfiguration(AbstractTestContextBootstrapper.java:305) Neither @ContextConfiguration nor @ContextHierarchy found for test class [chengweiou.universe.wormhole.service.ReqRecordTest], using SpringBootContextLoader
[13:25:32:505] [INFO] - org.springframework.test.context.support.AbstractContextLoader
     --- org.springframework.test.context.support.AbstractContextLoader.generateDefaultLocations(AbstractContextLoader.java:264) Could not detect default resource locations for test class [chengweiou.universe.wormhole.service.ReqRecordTest]: no resource found for suffixes {-context.xml, Context.groovy}.
[13:25:32:506] [INFO] - org.springframework.test.context.support.AnnotationConfigContextLoaderUtils
     --- org.springframework.test.context.support.AnnotationConfigContextLoaderUtils.detectDefaultConfigurationClasses(AnnotationConfigContextLoaderUtils.java:83) Could not detect default configuration classes for test class [chengweiou.universe.wormhole.service.ReqRecordTest]: ReqRecordTest does not declare any static, non-private, non-final, nested classes annotated with @Configuration.
[13:25:32:598] [INFO] - org.springframework.boot.test.context.SpringBootTestContextBootstrapper
     --- org.springframework.boot.test.context.SpringBootTestContextBootstrapper.getOrFindConfigurationClasses(SpringBootTestContextBootstrapper.java:238) Found @SpringBootConfiguration chengweiou.universe.wormhole.WormholeApplication for test class chengweiou.universe.wormhole.service.ReqRecordTest
[13:25:32:670] [INFO] - org.springframework.boot.test.context.SpringBootTestContextBootstrapper
     --- org.springframework.test.context.support.AbstractTestContextBootstrapper.getDefaultTestExecutionListenerClassNames(AbstractTestContextBootstrapper.java:245) Loaded default TestExecutionListener class names from location [META-INF/spring.factories]: [org.springframework.boot.test.autoconfigure.restdocs.RestDocsTestExecutionListener, org.springframework.boot.test.autoconfigure.web.client.MockRestServiceServerResetTestExecutionListener, org.springframework.boot.test.autoconfigure.web.servlet.MockMvcPrintOnlyOnFailureTestExecutionListener, org.springframework.boot.test.autoconfigure.web.servlet.WebDriverTestExecutionListener, org.springframework.boot.test.autoconfigure.webservices.client.MockWebServiceServerTestExecutionListener, org.springframework.boot.test.mock.mockito.MockitoTestExecutionListener, org.springframework.boot.test.mock.mockito.ResetMocksTestExecutionListener, org.springframework.test.context.web.ServletTestExecutionListener, org.springframework.test.context.support.DirtiesContextBeforeModesTestExecutionListener, org.springframework.test.context.event.ApplicationEventsTestExecutionListener, org.springframework.test.context.support.DependencyInjectionTestExecutionListener, org.springframework.test.context.support.DirtiesContextTestExecutionListener, org.springframework.test.context.transaction.TransactionalTestExecutionListener, org.springframework.test.context.jdbc.SqlScriptsTestExecutionListener, org.springframework.test.context.event.EventPublishingTestExecutionListener]
[13:25:32:685] [INFO] - org.springframework.boot.test.context.SpringBootTestContextBootstrapper
     --- org.springframework.test.context.support.AbstractTestContextBootstrapper.getTestExecutionListeners(AbstractTestContextBootstrapper.java:174) Using TestExecutionListeners: [org.springframework.test.context.support.DirtiesContextBeforeModesTestExecutionListener@6093d508, org.springframework.test.context.event.ApplicationEventsTestExecutionListener@13047d7d, org.springframework.boot.test.mock.mockito.MockitoTestExecutionListener@3c7cfcbb, org.springframework.boot.test.autoconfigure.SpringBootDependencyInjectionTestExecutionListener@65bb9029, org.springframework.test.context.support.DirtiesContextTestExecutionListener@1bfe3203, org.springframework.test.context.transaction.TransactionalTestExecutionListener@2b214b94, org.springframework.test.context.jdbc.SqlScriptsTestExecutionListener@70e3f36f, org.springframework.test.context.event.EventPublishingTestExecutionListener@49601f82, org.springframework.boot.test.autoconfigure.restdocs.RestDocsTestExecutionListener@23e44287, org.springframework.boot.test.autoconfigure.web.client.MockRestServiceServerResetTestExecutionListener@2b8d084, org.springframework.boot.test.autoconfigure.web.servlet.MockMvcPrintOnlyOnFailureTestExecutionListener@6daf2337, org.springframework.boot.test.autoconfigure.web.servlet.WebDriverTestExecutionListener@24fabd0f, org.springframework.boot.test.autoconfigure.webservices.client.MockWebServiceServerTestExecutionListener@250b236d, org.springframework.boot.test.mock.mockito.ResetMocksTestExecutionListener@61f3fbb8]
[13:25:32:967] [INFO] - org.hibernate.validator.internal.util.Version
     --- org.hibernate.validator.internal.util.Version.<clinit>(Version.java:21) HV000001: Hibernate Validator 6.2.0.Final
[13:25:32:983] [INFO] - chengweiou.universe.wormhole.service.ReqRecordTest
     --- org.springframework.boot.StartupInfoLogger.logStarting(StartupInfoLogger.java:55) Starting ReqRecordTest using Java 11.0.2 on chengweis-MacBook-Pro.local with PID 95693 (started by chengweiou in /Users/chengweiou/Desktop/project/universe/wormhole)
[13:25:32:984] [INFO] - chengweiou.universe.wormhole.service.ReqRecordTest
     --- org.springframework.boot.SpringApplication.logStartupProfileInfo(SpringApplication.java:667) The following profiles are active: test
[13:25:33:762] [INFO] - org.springframework.cloud.context.scope.GenericScope
     --- org.springframework.cloud.context.scope.GenericScope.setSerializationId(GenericScope.java:283) BeanFactory id=503bf69b-5e1b-356d-95f8-f13493396bec
[13:25:35:026] [INFO] - org.springframework.cloud.gateway.route.RouteDefinitionRouteLocator
     --- org.springframework.cloud.gateway.route.RouteDefinitionRouteLocator.lambda$initFactories$1(RouteDefinitionRouteLocator.java:88) Loaded RoutePredicateFactory [After]
[13:25:35:026] [INFO] - org.springframework.cloud.gateway.route.RouteDefinitionRouteLocator
     --- org.springframework.cloud.gateway.route.RouteDefinitionRouteLocator.lambda$initFactories$1(RouteDefinitionRouteLocator.java:88) Loaded RoutePredicateFactory [Before]
[13:25:35:026] [INFO] - org.springframework.cloud.gateway.route.RouteDefinitionRouteLocator
     --- org.springframework.cloud.gateway.route.RouteDefinitionRouteLocator.lambda$initFactories$1(RouteDefinitionRouteLocator.java:88) Loaded RoutePredicateFactory [Between]
[13:25:35:026] [INFO] - org.springframework.cloud.gateway.route.RouteDefinitionRouteLocator
     --- org.springframework.cloud.gateway.route.RouteDefinitionRouteLocator.lambda$initFactories$1(RouteDefinitionRouteLocator.java:88) Loaded RoutePredicateFactory [Cookie]
[13:25:35:027] [INFO] - org.springframework.cloud.gateway.route.RouteDefinitionRouteLocator
     --- org.springframework.cloud.gateway.route.RouteDefinitionRouteLocator.lambda$initFactories$1(RouteDefinitionRouteLocator.java:88) Loaded RoutePredicateFactory [Header]
[13:25:35:027] [INFO] - org.springframework.cloud.gateway.route.RouteDefinitionRouteLocator
     --- org.springframework.cloud.gateway.route.RouteDefinitionRouteLocator.lambda$initFactories$1(RouteDefinitionRouteLocator.java:88) Loaded RoutePredicateFactory [Host]
[13:25:35:027] [INFO] - org.springframework.cloud.gateway.route.RouteDefinitionRouteLocator
     --- org.springframework.cloud.gateway.route.RouteDefinitionRouteLocator.lambda$initFactories$1(RouteDefinitionRouteLocator.java:88) Loaded RoutePredicateFactory [Method]
[13:25:35:027] [INFO] - org.springframework.cloud.gateway.route.RouteDefinitionRouteLocator
     --- org.springframework.cloud.gateway.route.RouteDefinitionRouteLocator.lambda$initFactories$1(RouteDefinitionRouteLocator.java:88) Loaded RoutePredicateFactory [Path]
[13:25:35:027] [INFO] - org.springframework.cloud.gateway.route.RouteDefinitionRouteLocator
     --- org.springframework.cloud.gateway.route.RouteDefinitionRouteLocator.lambda$initFactories$1(RouteDefinitionRouteLocator.java:88) Loaded RoutePredicateFactory [Query]
[13:25:35:028] [INFO] - org.springframework.cloud.gateway.route.RouteDefinitionRouteLocator
     --- org.springframework.cloud.gateway.route.RouteDefinitionRouteLocator.lambda$initFactories$1(RouteDefinitionRouteLocator.java:88) Loaded RoutePredicateFactory [ReadBody]
[13:25:35:028] [INFO] - org.springframework.cloud.gateway.route.RouteDefinitionRouteLocator
     --- org.springframework.cloud.gateway.route.RouteDefinitionRouteLocator.lambda$initFactories$1(RouteDefinitionRouteLocator.java:88) Loaded RoutePredicateFactory [RemoteAddr]
[13:25:35:028] [INFO] - org.springframework.cloud.gateway.route.RouteDefinitionRouteLocator
     --- org.springframework.cloud.gateway.route.RouteDefinitionRouteLocator.lambda$initFactories$1(RouteDefinitionRouteLocator.java:88) Loaded RoutePredicateFactory [Weight]
[13:25:35:028] [INFO] - org.springframework.cloud.gateway.route.RouteDefinitionRouteLocator
     --- org.springframework.cloud.gateway.route.RouteDefinitionRouteLocator.lambda$initFactories$1(RouteDefinitionRouteLocator.java:88) Loaded RoutePredicateFactory [CloudFoundryRouteService]
[13:25:35:403] [INFO] - org.springframework.boot.actuate.endpoint.web.EndpointLinksResolver
     --- org.springframework.boot.actuate.endpoint.web.EndpointLinksResolver.<init>(EndpointLinksResolver.java:58) Exposing 1 endpoint(s) beneath base path '/actuator'
[13:25:35:613] [INFO] - com.zaxxer.hikari.HikariDataSource
     --- com.zaxxer.hikari.HikariDataSource.getConnection(HikariDataSource.java:110) HikariPool-1 - Starting...
[13:25:35:788] [INFO] - com.zaxxer.hikari.HikariDataSource
     --- com.zaxxer.hikari.HikariDataSource.getConnection(HikariDataSource.java:123) HikariPool-1 - Start completed.
[13:25:35:976] [INFO] - chengweiou.universe.wormhole.service.ReqRecordTest
     --- org.springframework.boot.StartupInfoLogger.logStarted(StartupInfoLogger.java:61) Started ReqRecordTest in 3.243 seconds (JVM running for 4.6)
[13:25:35:977] [INFO] - org.springframework.boot.availability.ApplicationAvailabilityBean
     --- org.springframework.boot.availability.ApplicationAvailabilityBean.logStateChange(ApplicationAvailabilityBean.java:75) Application availability state LivenessState changed to CORRECT
[13:25:35:979] [INFO] - org.springframework.boot.availability.ApplicationAvailabilityBean
     --- org.springframework.boot.availability.ApplicationAvailabilityBean.logStateChange(ApplicationAvailabilityBean.java:75) Application availability state ReadinessState changed to ACCEPTING_TRAFFIC
