13:25:32:461 DEBUG org.springframework.test.context.BootstrapUtils 99 createCacheAwareContextLoaderDelegate - Instantiating CacheAwareContextLoaderDelegate from class [org.springframework.test.context.cache.DefaultCacheAwareContextLoaderDelegate]
13:25:32:469 DEBUG org.springframework.test.context.BootstrapUtils 82 createBootstrapContext - Instantiating BootstrapContext using constructor [public org.springframework.test.context.support.DefaultBootstrapContext(java.lang.Class,org.springframework.test.context.CacheAwareContextLoaderDelegate)]
13:25:32:492 DEBUG org.springframework.test.context.BootstrapUtils 135 resolveTestContextBootstrapper - Instantiating TestContextBootstrapper for test class [chengweiou.universe.wormhole.service.ReqRecordTest] from class [org.springframework.boot.test.context.SpringBootTestContextBootstrapper]
13:25:32:500 INFO  org.springframework.test.context.support.AbstractTestContextBootstrapper 305 buildDefaultMergedContextConfiguration - Neither @ContextConfiguration nor @ContextHierarchy found for test class [chengweiou.universe.wormhole.service.ReqRecordTest], using SpringBootContextLoader
13:25:32:503 DEBUG org.springframework.test.context.support.AbstractContextLoader 258 generateDefaultLocations - Did not detect default resource location for test class [chengweiou.universe.wormhole.service.ReqRecordTest]: class path resource [chengweiou/universe/wormhole/service/ReqRecordTest-context.xml] does not exist
13:25:32:504 DEBUG org.springframework.test.context.support.AbstractContextLoader 258 generateDefaultLocations - Did not detect default resource location for test class [chengweiou.universe.wormhole.service.ReqRecordTest]: class path resource [chengweiou/universe/wormhole/service/ReqRecordTestContext.groovy] does not exist
13:25:32:505 INFO  org.springframework.test.context.support.AbstractContextLoader 264 generateDefaultLocations - Could not detect default resource locations for test class [chengweiou.universe.wormhole.service.ReqRecordTest]: no resource found for suffixes {-context.xml, Context.groovy}.
13:25:32:506 INFO  org.springframework.test.context.support.AnnotationConfigContextLoaderUtils 83 detectDefaultConfigurationClasses - Could not detect default configuration classes for test class [chengweiou.universe.wormhole.service.ReqRecordTest]: ReqRecordTest does not declare any static, non-private, non-final, nested classes annotated with @Configuration.
13:25:32:596 DEBUG org.springframework.context.annotation.ClassPathScanningCandidateComponentProvider 435 scanCandidateComponents - Identified candidate component class: file [/Users/chengweiou/Desktop/project/universe/wormhole/bin/main/chengweiou/universe/wormhole/WormholeApplication.class]
13:25:32:598 INFO  org.springframework.boot.test.context.SpringBootTestContextBootstrapper 238 getOrFindConfigurationClasses - Found @SpringBootConfiguration chengweiou.universe.wormhole.WormholeApplication for test class chengweiou.universe.wormhole.service.ReqRecordTest
13:25:32:669 DEBUG org.springframework.test.context.support.AbstractTestContextBootstrapper 124 getTestExecutionListeners - @TestExecutionListeners is not present for class [chengweiou.universe.wormhole.service.ReqRecordTest]: using defaults.
13:25:32:670 INFO  org.springframework.test.context.support.AbstractTestContextBootstrapper 245 getDefaultTestExecutionListenerClassNames - Loaded default TestExecutionListener class names from location [META-INF/spring.factories]: [org.springframework.boot.test.autoconfigure.restdocs.RestDocsTestExecutionListener, org.springframework.boot.test.autoconfigure.web.client.MockRestServiceServerResetTestExecutionListener, org.springframework.boot.test.autoconfigure.web.servlet.MockMvcPrintOnlyOnFailureTestExecutionListener, org.springframework.boot.test.autoconfigure.web.servlet.WebDriverTestExecutionListener, org.springframework.boot.test.autoconfigure.webservices.client.MockWebServiceServerTestExecutionListener, org.springframework.boot.test.mock.mockito.MockitoTestExecutionListener, org.springframework.boot.test.mock.mockito.ResetMocksTestExecutionListener, org.springframework.test.context.web.ServletTestExecutionListener, org.springframework.test.context.support.DirtiesContextBeforeModesTestExecutionListener, org.springframework.test.context.event.ApplicationEventsTestExecutionListener, org.springframework.test.context.support.DependencyInjectionTestExecutionListener, org.springframework.test.context.support.DirtiesContextTestExecutionListener, org.springframework.test.context.transaction.TransactionalTestExecutionListener, org.springframework.test.context.jdbc.SqlScriptsTestExecutionListener, org.springframework.test.context.event.EventPublishingTestExecutionListener]
13:25:32:679 DEBUG org.springframework.test.context.support.AbstractTestContextBootstrapper 189 instantiateListeners - Skipping candidate TestExecutionListener [org.springframework.test.context.web.ServletTestExecutionListener] due to a missing dependency. Specify custom listener classes or make the default listener classes and their required dependencies available. Offending class: [javax/servlet/ServletContext]
13:25:32:685 INFO  org.springframework.test.context.support.AbstractTestContextBootstrapper 174 getTestExecutionListeners - Using TestExecutionListeners: [org.springframework.test.context.support.DirtiesContextBeforeModesTestExecutionListener@6093d508, org.springframework.test.context.event.ApplicationEventsTestExecutionListener@13047d7d, org.springframework.boot.test.mock.mockito.MockitoTestExecutionListener@3c7cfcbb, org.springframework.boot.test.autoconfigure.SpringBootDependencyInjectionTestExecutionListener@65bb9029, org.springframework.test.context.support.DirtiesContextTestExecutionListener@1bfe3203, org.springframework.test.context.transaction.TransactionalTestExecutionListener@2b214b94, org.springframework.test.context.jdbc.SqlScriptsTestExecutionListener@70e3f36f, org.springframework.test.context.event.EventPublishingTestExecutionListener@49601f82, org.springframework.boot.test.autoconfigure.restdocs.RestDocsTestExecutionListener@23e44287, org.springframework.boot.test.autoconfigure.web.client.MockRestServiceServerResetTestExecutionListener@2b8d084, org.springframework.boot.test.autoconfigure.web.servlet.MockMvcPrintOnlyOnFailureTestExecutionListener@6daf2337, org.springframework.boot.test.autoconfigure.web.servlet.WebDriverTestExecutionListener@24fabd0f, org.springframework.boot.test.autoconfigure.webservices.client.MockWebServiceServerTestExecutionListener@250b236d, org.springframework.boot.test.mock.mockito.ResetMocksTestExecutionListener@61f3fbb8]
13:25:32:689 DEBUG org.springframework.test.context.support.AbstractDirtiesContextTestExecutionListener 143 beforeOrAfterTestClass - Before test class: context [DefaultTestContext@4e25147a testClass = ReqRecordTest, testInstance = [null], testMethod = [null], testException = [null], mergedContextConfiguration = [ReactiveWebMergedContextConfiguration@6b68cb27 testClass = ReqRecordTest, locations = '{}', classes = '{class chengweiou.universe.wormhole.WormholeApplication}', contextInitializerClasses = '[]', activeProfiles = '{test}', propertySourceLocations = '{}', propertySourceProperties = '{org.springframework.boot.test.context.SpringBootTestContextBootstrapper=true}', contextCustomizers = set[org.springframework.boot.test.autoconfigure.actuate.metrics.MetricsExportContextCustomizerFactory$DisableMetricExportContextCustomizer@12365c88, org.springframework.boot.test.autoconfigure.properties.PropertyMappingContextCustomizer@0, org.springframework.boot.test.autoconfigure.web.servlet.WebDriverContextCustomizerFactory$Customizer@3773862a, org.springframework.boot.test.context.filter.ExcludeFilterContextCustomizer@3b809711, org.springframework.boot.test.json.DuplicateJsonObjectContextCustomizerFactory$DuplicateJsonObjectContextCustomizer@5c84624f, org.springframework.boot.test.mock.mockito.MockitoContextCustomizer@0, org.springframework.boot.test.web.client.TestRestTemplateContextCustomizer@5d52e3ef, org.springframework.boot.test.web.reactive.server.WebTestClientContextCustomizer@6b530eb9, org.springframework.boot.test.context.SpringBootTestArgs@1, org.springframework.boot.test.context.SpringBootTestWebEnvironment@5ef60048], contextLoader = 'org.springframework.boot.test.context.SpringBootContextLoader', parent = [null]], attributes = map[[empty]]], class annotated with @DirtiesContext [false] with mode [null].
13:25:32:700 DEBUG org.springframework.test.context.support.DependencyInjectionTestExecutionListener 81 prepareTestInstance - Performing dependency injection for test context [[DefaultTestContext@4e25147a testClass = ReqRecordTest, testInstance = chengweiou.universe.wormhole.service.ReqRecordTest@3b08f438, testMethod = [null], testException = [null], mergedContextConfiguration = [ReactiveWebMergedContextConfiguration@6b68cb27 testClass = ReqRecordTest, locations = '{}', classes = '{class chengweiou.universe.wormhole.WormholeApplication}', contextInitializerClasses = '[]', activeProfiles = '{test}', propertySourceLocations = '{}', propertySourceProperties = '{org.springframework.boot.test.context.SpringBootTestContextBootstrapper=true}', contextCustomizers = set[org.springframework.boot.test.autoconfigure.actuate.metrics.MetricsExportContextCustomizerFactory$DisableMetricExportContextCustomizer@12365c88, org.springframework.boot.test.autoconfigure.properties.PropertyMappingContextCustomizer@0, org.springframework.boot.test.autoconfigure.web.servlet.WebDriverContextCustomizerFactory$Customizer@3773862a, org.springframework.boot.test.context.filter.ExcludeFilterContextCustomizer@3b809711, org.springframework.boot.test.json.DuplicateJsonObjectContextCustomizerFactory$DuplicateJsonObjectContextCustomizer@5c84624f, org.springframework.boot.test.mock.mockito.MockitoContextCustomizer@0, org.springframework.boot.test.web.client.TestRestTemplateContextCustomizer@5d52e3ef, org.springframework.boot.test.web.reactive.server.WebTestClientContextCustomizer@6b530eb9, org.springframework.boot.test.context.SpringBootTestArgs@1, org.springframework.boot.test.context.SpringBootTestWebEnvironment@5ef60048], contextLoader = 'org.springframework.boot.test.context.SpringBootContextLoader', parent = [null]], attributes = map['org.springframework.test.context.event.ApplicationEventsTestExecutionListener.recordApplicationEvents' -> false]]].
13:25:32:719 DEBUG org.springframework.core.env.AbstractEnvironment 296 setActiveProfiles - Activating profiles [test]
13:25:32:723 DEBUG org.springframework.test.context.support.TestPropertySourceUtils 273 addInlinedPropertiesToEnvironment - Adding inlined properties to environment: {spring.jmx.enabled=false, org.springframework.boot.test.context.SpringBootTestContextBootstrapper=true}
13:25:32:966 DEBUG org.jboss.logging.LoggerProviders 152 logProvider - Logging Provider: org.jboss.logging.Log4j2LoggerProvider
13:25:32:967 INFO  org.hibernate.validator.internal.util.Version 21 <clinit> - HV000001: Hibernate Validator 6.2.0.Final
13:25:32:973 DEBUG org.hibernate.validator.internal.xml.config.ValidationXmlParser 120 getValidationXmlInputStream - Trying to load META-INF/validation.xml for XML based Validator configuration.
13:25:32:974 DEBUG org.hibernate.validator.internal.xml.config.ResourceLoaderHelper 60 getResettableInputStreamForPath - Trying to load META-INF/validation.xml via TCCL
13:25:32:975 DEBUG org.hibernate.validator.internal.xml.config.ResourceLoaderHelper 66 getResettableInputStreamForPath - Trying to load META-INF/validation.xml via Hibernate Validator's class loader
13:25:32:975 DEBUG org.hibernate.validator.internal.xml.config.ValidationXmlParser 127 getValidationXmlInputStream - No META-INF/validation.xml found. Using annotation based configuration only.
13:25:32:979 DEBUG org.hibernate.validator.internal.engine.resolver.TraversableResolvers 60 getDefault - Cannot find javax.persistence.Persistence on classpath. Assuming non JPA 2 environment. All properties will per default be traversable.
13:25:32:983 INFO  org.springframework.boot.StartupInfoLogger 55 logStarting - Starting ReqRecordTest using Java 11.0.2 on chengweis-MacBook-Pro.local with PID 95693 (started by chengweiou in /Users/chengweiou/Desktop/project/universe/wormhole)
13:25:32:984 DEBUG org.springframework.boot.StartupInfoLogger 56 logStarting - Running with Spring Boot v2.5.0, Spring v5.3.7
13:25:32:984 INFO  org.springframework.boot.SpringApplication 667 logStartupProfileInfo - The following profiles are active: test
13:25:33:002 DEBUG org.hibernate.validator.messageinterpolation.ResourceBundleMessageInterpolator 172 buildExpressionFactory - Loaded expression factory via original TCCL
13:25:33:106 DEBUG org.hibernate.validator.internal.engine.ValidatorFactoryConfigurationHelper 345 determinePropertyNodeNameProvider - HV000252: Using org.hibernate.validator.internal.engine.DefaultPropertyNodeNameProvider as property node name provider.
13:25:33:119 DEBUG org.hibernate.validator.internal.engine.ValidatorFactoryConfigurationHelper 420 logValidatorFactoryScopedConfiguration - HV000234: Using org.hibernate.validator.messageinterpolation.ResourceBundleMessageInterpolator as ValidatorFactory-scoped message interpolator.
13:25:33:119 DEBUG org.hibernate.validator.internal.engine.ValidatorFactoryConfigurationHelper 421 logValidatorFactoryScopedConfiguration - HV000234: Using org.hibernate.validator.internal.engine.resolver.TraverseAllTraversableResolver as ValidatorFactory-scoped traversable resolver.
13:25:33:119 DEBUG org.hibernate.validator.internal.engine.ValidatorFactoryConfigurationHelper 422 logValidatorFactoryScopedConfiguration - HV000234: Using org.hibernate.validator.internal.util.ExecutableParameterNameProvider as ValidatorFactory-scoped parameter name provider.
13:25:33:119 DEBUG org.hibernate.validator.internal.engine.ValidatorFactoryConfigurationHelper 423 logValidatorFactoryScopedConfiguration - HV000234: Using org.hibernate.validator.internal.engine.DefaultClockProvider as ValidatorFactory-scoped clock provider.
13:25:33:120 DEBUG org.hibernate.validator.internal.engine.ValidatorFactoryConfigurationHelper 424 logValidatorFactoryScopedConfiguration - HV000234: Using org.hibernate.validator.internal.engine.scripting.DefaultScriptEvaluatorFactory as ValidatorFactory-scoped script evaluator factory.
13:25:33:539 DEBUG org.mybatis.spring.boot.autoconfigure.MybatisAutoConfiguration$AutoConfiguredMapperScannerRegistrar 223 registerBeanDefinitions - Searching for mappers annotated with @Mapper
13:25:33:541 DEBUG org.mybatis.spring.boot.autoconfigure.MybatisAutoConfiguration$AutoConfiguredMapperScannerRegistrar 227 lambda$registerBeanDefinitions$0 - Using auto-configuration base package 'chengweiou.universe.wormhole'
13:25:33:694 DEBUG org.apache.ibatis.logging.LogFactory 105 setImplementation - Logging initialized using 'class org.apache.ibatis.logging.slf4j.Slf4jImpl' adapter.
13:25:33:700 DEBUG org.springframework.context.annotation.ClassPathScanningCandidateComponentProvider 435 scanCandidateComponents - Identified candidate component class: file [/Users/chengweiou/Desktop/project/universe/wormhole/bin/main/chengweiou/universe/wormhole/dao/ReqRecordDao.class]
13:25:33:702 DEBUG org.mybatis.logging.Logger 49 debug - Creating MapperFactoryBean with name 'reqRecordDao' and 'chengweiou.universe.wormhole.dao.ReqRecordDao' mapperInterface
13:25:33:703 DEBUG org.mybatis.logging.Logger 49 debug - Enabling autowire by type for MapperFactoryBean with name 'reqRecordDao'.
13:25:33:762 INFO  org.springframework.cloud.context.scope.GenericScope 283 setSerializationId - BeanFactory id=503bf69b-5e1b-356d-95f8-f13493396bec
13:25:34:099 DEBUG com.zaxxer.hikari.HikariConfig 971 attemptFromContextLoader - Driver class org.h2.Driver found in Thread context class loader jdk.internal.loader.ClassLoaders$AppClassLoader@4b85612c
13:25:34:161 DEBUG org.mybatis.logging.Logger 49 debug - Property 'mapperLocations' was not specified.
13:25:34:238 DEBUG reactor.util.Loggers$Slf4JLogger 244 debug - Using Slf4j logging framework
13:25:34:263 DEBUG io.netty.util.internal.logging.InternalLoggerFactory 63 useSlf4JLoggerFactory - Using SLF4J as the default logging framework
13:25:34:267 DEBUG io.netty.util.internal.PlatformDependent0 460 explicitNoUnsafeCause0 - -Dio.netty.noUnsafe: false
13:25:34:267 DEBUG io.netty.util.internal.PlatformDependent0 954 javaVersion0 - Java version: 11
13:25:34:269 DEBUG io.netty.util.internal.PlatformDependent0 135 <clinit> - sun.misc.Unsafe.theUnsafe: available
13:25:34:270 DEBUG io.netty.util.internal.PlatformDependent0 159 <clinit> - sun.misc.Unsafe.copyMemory: available
13:25:34:270 DEBUG io.netty.util.internal.PlatformDependent0 202 <clinit> - java.nio.Buffer.address: available
13:25:34:271 DEBUG io.netty.util.internal.PlatformDependent0 285 <clinit> - direct buffer constructor: unavailable: Reflective setAccessible(true) disabled
13:25:34:272 DEBUG io.netty.util.internal.PlatformDependent0 350 <clinit> - java.nio.Bits.unaligned: available, true
13:25:34:273 DEBUG io.netty.util.internal.PlatformDependent0 417 <clinit> - jdk.internal.misc.Unsafe.allocateUninitializedArray(int): unavailable: class io.netty.util.internal.PlatformDependent0$6 cannot access class jdk.internal.misc.Unsafe (in module java.base) because module java.base does not export jdk.internal.misc to unnamed module @149d7cc6
13:25:34:274 DEBUG io.netty.util.internal.PlatformDependent0 446 <clinit> - java.nio.DirectByteBuffer.<init>(long, int): unavailable
13:25:34:275 DEBUG io.netty.util.internal.PlatformDependent 1103 unsafeUnavailabilityCause0 - sun.misc.Unsafe: available
13:25:34:275 DEBUG io.netty.util.internal.PlatformDependent 1205 maxDirectMemory0 - maxDirectMemory: 8589934592 bytes (maybe)
13:25:34:276 DEBUG io.netty.util.internal.PlatformDependent 1224 tmpdir0 - -Dio.netty.tmpdir: /var/folders/qp/5_yfxkdj6b5fpdf5bywvbbbc0000gn/T (java.io.tmpdir)
13:25:34:276 DEBUG io.netty.util.internal.PlatformDependent 1303 bitMode0 - -Dio.netty.bitMode: 64 (sun.arch.data.model)
13:25:34:277 DEBUG io.netty.util.internal.PlatformDependent 1071 isOsx0 - Platform: MacOS
13:25:34:277 DEBUG io.netty.util.internal.PlatformDependent 178 <clinit> - -Dio.netty.maxDirectMemory: -1 bytes
13:25:34:278 DEBUG io.netty.util.internal.PlatformDependent 185 <clinit> - -Dio.netty.uninitializedArrayAllocationThreshold: -1
13:25:34:279 DEBUG io.netty.util.internal.CleanerJava9 71 <clinit> - java.nio.ByteBuffer.cleaner(): available
13:25:34:279 DEBUG io.netty.util.internal.PlatformDependent 205 <clinit> - -Dio.netty.noPreferDirect: false
13:25:34:281 DEBUG reactor.util.Loggers$Slf4JLogger 249 debug - [http] resources will use the default LoopResources: DefaultLoopResources {prefix=reactor-http, daemon=true, selectCount=12, workerCount=12}
13:25:34:281 DEBUG reactor.util.Loggers$Slf4JLogger 249 debug - [http] resources will use the default ConnectionProvider: reactor.netty.resources.DefaultPooledConnectionProvider@31c7c281
13:25:34:416 DEBUG org.hibernate.validator.messageinterpolation.ResourceBundleMessageInterpolator 172 buildExpressionFactory - Loaded expression factory via original TCCL
13:25:34:425 DEBUG org.hibernate.validator.internal.engine.AbstractConfigurationImpl 174 messageInterpolator - Setting custom MessageInterpolator of type org.springframework.validation.beanvalidation.LocaleContextMessageInterpolator
13:25:34:425 DEBUG org.hibernate.validator.internal.engine.AbstractConfigurationImpl 206 constraintValidatorFactory - Setting custom ConstraintValidatorFactory of type org.springframework.validation.beanvalidation.SpringConstraintValidatorFactory
13:25:34:426 DEBUG org.hibernate.validator.internal.engine.AbstractConfigurationImpl 220 parameterNameProvider - Setting custom ParameterNameProvider of type org.springframework.validation.beanvalidation.LocalValidatorFactoryBean$1
13:25:34:427 DEBUG org.hibernate.validator.internal.xml.config.ValidationXmlParser 120 getValidationXmlInputStream - Trying to load META-INF/validation.xml for XML based Validator configuration.
13:25:34:427 DEBUG org.hibernate.validator.internal.xml.config.ResourceLoaderHelper 53 getResettableInputStreamForPath - Trying to load META-INF/validation.xml via user class loader
13:25:34:427 DEBUG org.hibernate.validator.internal.xml.config.ResourceLoaderHelper 60 getResettableInputStreamForPath - Trying to load META-INF/validation.xml via TCCL
13:25:34:428 DEBUG org.hibernate.validator.internal.xml.config.ResourceLoaderHelper 66 getResettableInputStreamForPath - Trying to load META-INF/validation.xml via Hibernate Validator's class loader
13:25:34:428 DEBUG org.hibernate.validator.internal.xml.config.ValidationXmlParser 127 getValidationXmlInputStream - No META-INF/validation.xml found. Using annotation based configuration only.
13:25:34:429 DEBUG org.hibernate.validator.internal.engine.resolver.TraversableResolvers 60 getDefault - Cannot find javax.persistence.Persistence on classpath. Assuming non JPA 2 environment. All properties will per default be traversable.
13:25:34:431 DEBUG org.hibernate.validator.internal.engine.ValidatorFactoryConfigurationHelper 345 determinePropertyNodeNameProvider - HV000252: Using org.hibernate.validator.internal.engine.DefaultPropertyNodeNameProvider as property node name provider.
13:25:34:432 DEBUG org.hibernate.validator.internal.engine.ValidatorFactoryConfigurationHelper 420 logValidatorFactoryScopedConfiguration - HV000234: Using org.springframework.validation.beanvalidation.LocaleContextMessageInterpolator as ValidatorFactory-scoped message interpolator.
13:25:34:433 DEBUG org.hibernate.validator.internal.engine.ValidatorFactoryConfigurationHelper 421 logValidatorFactoryScopedConfiguration - HV000234: Using org.hibernate.validator.internal.engine.resolver.TraverseAllTraversableResolver as ValidatorFactory-scoped traversable resolver.
13:25:34:433 DEBUG org.hibernate.validator.internal.engine.ValidatorFactoryConfigurationHelper 422 logValidatorFactoryScopedConfiguration - HV000234: Using org.hibernate.validator.internal.util.ExecutableParameterNameProvider as ValidatorFactory-scoped parameter name provider.
13:25:34:433 DEBUG org.hibernate.validator.internal.engine.ValidatorFactoryConfigurationHelper 423 logValidatorFactoryScopedConfiguration - HV000234: Using org.hibernate.validator.internal.engine.DefaultClockProvider as ValidatorFactory-scoped clock provider.
13:25:34:433 DEBUG org.hibernate.validator.internal.engine.ValidatorFactoryConfigurationHelper 424 logValidatorFactoryScopedConfiguration - HV000234: Using org.hibernate.validator.internal.engine.scripting.DefaultScriptEvaluatorFactory as ValidatorFactory-scoped script evaluator factory.
13:25:34:485 DEBUG org.hibernate.validator.messageinterpolation.ResourceBundleMessageInterpolator 172 buildExpressionFactory - Loaded expression factory via original TCCL
13:25:34:485 DEBUG org.hibernate.validator.internal.engine.AbstractConfigurationImpl 174 messageInterpolator - Setting custom MessageInterpolator of type org.springframework.validation.beanvalidation.LocaleContextMessageInterpolator
13:25:34:486 DEBUG org.hibernate.validator.internal.engine.AbstractConfigurationImpl 206 constraintValidatorFactory - Setting custom ConstraintValidatorFactory of type org.springframework.validation.beanvalidation.SpringConstraintValidatorFactory
13:25:34:486 DEBUG org.hibernate.validator.internal.engine.AbstractConfigurationImpl 220 parameterNameProvider - Setting custom ParameterNameProvider of type org.springframework.validation.beanvalidation.LocalValidatorFactoryBean$1
13:25:34:487 DEBUG org.hibernate.validator.internal.xml.config.ValidationXmlParser 120 getValidationXmlInputStream - Trying to load META-INF/validation.xml for XML based Validator configuration.
13:25:34:487 DEBUG org.hibernate.validator.internal.xml.config.ResourceLoaderHelper 53 getResettableInputStreamForPath - Trying to load META-INF/validation.xml via user class loader
13:25:34:487 DEBUG org.hibernate.validator.internal.xml.config.ResourceLoaderHelper 60 getResettableInputStreamForPath - Trying to load META-INF/validation.xml via TCCL
13:25:34:488 DEBUG org.hibernate.validator.internal.xml.config.ResourceLoaderHelper 66 getResettableInputStreamForPath - Trying to load META-INF/validation.xml via Hibernate Validator's class loader
13:25:34:489 DEBUG org.hibernate.validator.internal.xml.config.ValidationXmlParser 127 getValidationXmlInputStream - No META-INF/validation.xml found. Using annotation based configuration only.
13:25:34:490 DEBUG org.hibernate.validator.internal.engine.resolver.TraversableResolvers 60 getDefault - Cannot find javax.persistence.Persistence on classpath. Assuming non JPA 2 environment. All properties will per default be traversable.
13:25:34:492 DEBUG org.hibernate.validator.internal.engine.ValidatorFactoryConfigurationHelper 345 determinePropertyNodeNameProvider - HV000252: Using org.hibernate.validator.internal.engine.DefaultPropertyNodeNameProvider as property node name provider.
13:25:34:494 DEBUG org.hibernate.validator.internal.engine.ValidatorFactoryConfigurationHelper 420 logValidatorFactoryScopedConfiguration - HV000234: Using org.springframework.validation.beanvalidation.LocaleContextMessageInterpolator as ValidatorFactory-scoped message interpolator.
13:25:34:494 DEBUG org.hibernate.validator.internal.engine.ValidatorFactoryConfigurationHelper 421 logValidatorFactoryScopedConfiguration - HV000234: Using org.hibernate.validator.internal.engine.resolver.TraverseAllTraversableResolver as ValidatorFactory-scoped traversable resolver.
13:25:34:494 DEBUG org.hibernate.validator.internal.engine.ValidatorFactoryConfigurationHelper 422 logValidatorFactoryScopedConfiguration - HV000234: Using org.hibernate.validator.internal.util.ExecutableParameterNameProvider as ValidatorFactory-scoped parameter name provider.
13:25:34:495 DEBUG org.hibernate.validator.internal.engine.ValidatorFactoryConfigurationHelper 423 logValidatorFactoryScopedConfiguration - HV000234: Using org.hibernate.validator.internal.engine.DefaultClockProvider as ValidatorFactory-scoped clock provider.
13:25:34:495 DEBUG org.hibernate.validator.internal.engine.ValidatorFactoryConfigurationHelper 424 logValidatorFactoryScopedConfiguration - HV000234: Using org.hibernate.validator.internal.engine.scripting.DefaultScriptEvaluatorFactory as ValidatorFactory-scoped script evaluator factory.
13:25:34:610 DEBUG io.netty.util.ResourceLeakDetector 129 <clinit> - -Dio.netty.leakDetection.level: simple
13:25:34:610 DEBUG io.netty.util.ResourceLeakDetector 130 <clinit> - -Dio.netty.leakDetection.targetRecords: 4
13:25:35:026 INFO  org.springframework.cloud.gateway.route.RouteDefinitionRouteLocator 88 lambda$initFactories$1 - Loaded RoutePredicateFactory [After]
13:25:35:026 INFO  org.springframework.cloud.gateway.route.RouteDefinitionRouteLocator 88 lambda$initFactories$1 - Loaded RoutePredicateFactory [Before]
13:25:35:026 INFO  org.springframework.cloud.gateway.route.RouteDefinitionRouteLocator 88 lambda$initFactories$1 - Loaded RoutePredicateFactory [Between]
13:25:35:026 INFO  org.springframework.cloud.gateway.route.RouteDefinitionRouteLocator 88 lambda$initFactories$1 - Loaded RoutePredicateFactory [Cookie]
13:25:35:027 INFO  org.springframework.cloud.gateway.route.RouteDefinitionRouteLocator 88 lambda$initFactories$1 - Loaded RoutePredicateFactory [Header]
13:25:35:027 INFO  org.springframework.cloud.gateway.route.RouteDefinitionRouteLocator 88 lambda$initFactories$1 - Loaded RoutePredicateFactory [Host]
13:25:35:027 INFO  org.springframework.cloud.gateway.route.RouteDefinitionRouteLocator 88 lambda$initFactories$1 - Loaded RoutePredicateFactory [Method]
13:25:35:027 INFO  org.springframework.cloud.gateway.route.RouteDefinitionRouteLocator 88 lambda$initFactories$1 - Loaded RoutePredicateFactory [Path]
13:25:35:027 INFO  org.springframework.cloud.gateway.route.RouteDefinitionRouteLocator 88 lambda$initFactories$1 - Loaded RoutePredicateFactory [Query]
13:25:35:028 INFO  org.springframework.cloud.gateway.route.RouteDefinitionRouteLocator 88 lambda$initFactories$1 - Loaded RoutePredicateFactory [ReadBody]
13:25:35:028 INFO  org.springframework.cloud.gateway.route.RouteDefinitionRouteLocator 88 lambda$initFactories$1 - Loaded RoutePredicateFactory [RemoteAddr]
13:25:35:028 INFO  org.springframework.cloud.gateway.route.RouteDefinitionRouteLocator 88 lambda$initFactories$1 - Loaded RoutePredicateFactory [Weight]
13:25:35:028 INFO  org.springframework.cloud.gateway.route.RouteDefinitionRouteLocator 88 lambda$initFactories$1 - Loaded RoutePredicateFactory [CloudFoundryRouteService]
13:25:35:091 DEBUG io.micrometer.core.util.internal.logging.InternalLoggerFactory 61 newDefaultFactory - Using SLF4J as the default logging framework
13:25:35:240 DEBUG org.springframework.web.reactive.handler.SimpleUrlHandlerMapping 167 logMappings - 'resourceHandlerMapping' {/webjars/**=ResourceWebHandler ["classpath:/META-INF/resources/webjars/"], /**=ResourceWebHandler ["classpath:/META-INF/resources/", "classpath:/resources/", "classpath:/static/", "classpath:/public/"]}
13:25:35:403 INFO  org.springframework.boot.actuate.endpoint.web.EndpointLinksResolver 58 <init> - Exposing 1 endpoint(s) beneath base path '/actuator'
13:25:35:493 DEBUG org.mybatis.spring.boot.autoconfigure.MybatisAutoConfiguration$MapperScannerRegistrarNotFoundConfiguration 266 afterPropertiesSet - Not found configuration for registering mapper bean using @MapperScan, MapperFactoryBean and MapperScannerConfigurer.
13:25:35:601 DEBUG com.zaxxer.hikari.HikariConfig 1103 logConfiguration - HikariPool-1 - configuration:
13:25:35:603 DEBUG com.zaxxer.hikari.HikariConfig 1135 logConfiguration - allowPoolSuspension................................false
13:25:35:604 DEBUG com.zaxxer.hikari.HikariConfig 1135 logConfiguration - autoCommit................................true
13:25:35:604 DEBUG com.zaxxer.hikari.HikariConfig 1135 logConfiguration - catalog................................none
13:25:35:604 DEBUG com.zaxxer.hikari.HikariConfig 1135 logConfiguration - connectionInitSql................................none
13:25:35:604 DEBUG com.zaxxer.hikari.HikariConfig 1135 logConfiguration - connectionTestQuery................................none
13:25:35:605 DEBUG com.zaxxer.hikari.HikariConfig 1135 logConfiguration - connectionTimeout................................30000
13:25:35:605 DEBUG com.zaxxer.hikari.HikariConfig 1135 logConfiguration - dataSource................................none
13:25:35:605 DEBUG com.zaxxer.hikari.HikariConfig 1135 logConfiguration - dataSourceClassName................................none
13:25:35:605 DEBUG com.zaxxer.hikari.HikariConfig 1135 logConfiguration - dataSourceJNDI................................none
13:25:35:606 DEBUG com.zaxxer.hikari.HikariConfig 1135 logConfiguration - dataSourceProperties................................{password=<masked>}
13:25:35:607 DEBUG com.zaxxer.hikari.HikariConfig 1135 logConfiguration - driverClassName................................"org.h2.Driver"
13:25:35:607 DEBUG com.zaxxer.hikari.HikariConfig 1135 logConfiguration - exceptionOverrideClassName................................none
13:25:35:607 DEBUG com.zaxxer.hikari.HikariConfig 1135 logConfiguration - healthCheckProperties................................{}
13:25:35:607 DEBUG com.zaxxer.hikari.HikariConfig 1135 logConfiguration - healthCheckRegistry................................none
13:25:35:607 DEBUG com.zaxxer.hikari.HikariConfig 1135 logConfiguration - idleTimeout................................600000
13:25:35:608 DEBUG com.zaxxer.hikari.HikariConfig 1135 logConfiguration - initializationFailTimeout................................1
13:25:35:608 DEBUG com.zaxxer.hikari.HikariConfig 1135 logConfiguration - isolateInternalQueries................................false
13:25:35:608 DEBUG com.zaxxer.hikari.HikariConfig 1135 logConfiguration - jdbcUrl................................jdbc:h2:mem:test;MODE=PostgreSQL
13:25:35:609 DEBUG com.zaxxer.hikari.HikariConfig 1135 logConfiguration - keepaliveTime................................0
13:25:35:609 DEBUG com.zaxxer.hikari.HikariConfig 1135 logConfiguration - leakDetectionThreshold................................0
13:25:35:609 DEBUG com.zaxxer.hikari.HikariConfig 1135 logConfiguration - maxLifetime................................1800000
13:25:35:609 DEBUG com.zaxxer.hikari.HikariConfig 1135 logConfiguration - maximumPoolSize................................10
13:25:35:610 DEBUG com.zaxxer.hikari.HikariConfig 1135 logConfiguration - metricRegistry................................none
13:25:35:610 DEBUG com.zaxxer.hikari.HikariConfig 1135 logConfiguration - metricsTrackerFactory................................com.zaxxer.hikari.metrics.micrometer.MicrometerMetricsTrackerFactory@5bccef9f
13:25:35:610 DEBUG com.zaxxer.hikari.HikariConfig 1135 logConfiguration - minimumIdle................................10
13:25:35:610 DEBUG com.zaxxer.hikari.HikariConfig 1135 logConfiguration - password................................<masked>
13:25:35:611 DEBUG com.zaxxer.hikari.HikariConfig 1135 logConfiguration - poolName................................"HikariPool-1"
13:25:35:611 DEBUG com.zaxxer.hikari.HikariConfig 1135 logConfiguration - readOnly................................false
13:25:35:611 DEBUG com.zaxxer.hikari.HikariConfig 1135 logConfiguration - registerMbeans................................false
13:25:35:611 DEBUG com.zaxxer.hikari.HikariConfig 1135 logConfiguration - scheduledExecutor................................none
13:25:35:612 DEBUG com.zaxxer.hikari.HikariConfig 1135 logConfiguration - schema................................none
13:25:35:612 DEBUG com.zaxxer.hikari.HikariConfig 1135 logConfiguration - threadFactory................................internal
13:25:35:612 DEBUG com.zaxxer.hikari.HikariConfig 1135 logConfiguration - transactionIsolation................................default
13:25:35:612 DEBUG com.zaxxer.hikari.HikariConfig 1135 logConfiguration - username................................"sa"
13:25:35:613 DEBUG com.zaxxer.hikari.HikariConfig 1135 logConfiguration - validationTimeout................................5000
13:25:35:613 INFO  com.zaxxer.hikari.HikariDataSource 110 getConnection - HikariPool-1 - Starting...
13:25:35:785 DEBUG com.zaxxer.hikari.pool.HikariPool 565 checkFailFast - HikariPool-1 - Added connection conn0: url=jdbc:h2:mem:test user=SA
13:25:35:788 INFO  com.zaxxer.hikari.HikariDataSource 123 getConnection - HikariPool-1 - Start completed.
13:25:35:891 DEBUG com.zaxxer.hikari.pool.HikariPool 421 logPoolState - HikariPool-1 - Pool stats (total=1, active=0, idle=1, waiting=0)
13:25:35:893 DEBUG com.zaxxer.hikari.pool.HikariPool$PoolEntryCreator 729 call - HikariPool-1 - Added connection conn1: url=jdbc:h2:mem:test user=SA
13:25:35:894 DEBUG com.zaxxer.hikari.pool.HikariPool$PoolEntryCreator 729 call - HikariPool-1 - Added connection conn2: url=jdbc:h2:mem:test user=SA
13:25:35:895 DEBUG com.zaxxer.hikari.pool.HikariPool$PoolEntryCreator 729 call - HikariPool-1 - Added connection conn3: url=jdbc:h2:mem:test user=SA
13:25:35:896 DEBUG com.zaxxer.hikari.pool.HikariPool$PoolEntryCreator 729 call - HikariPool-1 - Added connection conn4: url=jdbc:h2:mem:test user=SA
13:25:35:897 DEBUG com.zaxxer.hikari.pool.HikariPool$PoolEntryCreator 729 call - HikariPool-1 - Added connection conn5: url=jdbc:h2:mem:test user=SA
13:25:35:898 DEBUG com.zaxxer.hikari.pool.HikariPool$PoolEntryCreator 729 call - HikariPool-1 - Added connection conn6: url=jdbc:h2:mem:test user=SA
13:25:35:899 DEBUG com.zaxxer.hikari.pool.HikariPool$PoolEntryCreator 729 call - HikariPool-1 - Added connection conn7: url=jdbc:h2:mem:test user=SA
13:25:35:900 DEBUG com.zaxxer.hikari.pool.HikariPool$PoolEntryCreator 729 call - HikariPool-1 - Added connection conn8: url=jdbc:h2:mem:test user=SA
13:25:35:900 DEBUG com.zaxxer.hikari.pool.HikariPool$PoolEntryCreator 729 call - HikariPool-1 - Added connection conn9: url=jdbc:h2:mem:test user=SA
13:25:35:901 DEBUG com.zaxxer.hikari.pool.HikariPool 421 logPoolState - HikariPool-1 - After adding stats (total=10, active=0, idle=10, waiting=0)
13:25:35:976 INFO  org.springframework.boot.StartupInfoLogger 61 logStarted - Started ReqRecordTest in 3.243 seconds (JVM running for 4.6)
13:25:35:977 INFO  org.springframework.boot.availability.ApplicationAvailabilityBean 75 logStateChange - Application availability state LivenessState changed to CORRECT
13:25:35:979 INFO  org.springframework.boot.availability.ApplicationAvailabilityBean 75 logStateChange - Application availability state ReadinessState changed to ACCEPTING_TRAFFIC
13:25:36:268 DEBUG org.mybatis.logging.Logger 49 debug - Creating a new SqlSession
13:25:36:272 DEBUG org.mybatis.logging.Logger 49 debug - SqlSession [org.apache.ibatis.session.defaults.DefaultSqlSession@7e741d6b] was not registered for synchronization because synchronization is not active
13:25:36:284 DEBUG org.mybatis.logging.Logger 49 debug - JDBC Connection [HikariProxyConnection@930921902 wrapping conn0: url=jdbc:h2:mem:test user=SA] will not be managed by Spring
13:25:36:287 DEBUG org.apache.ibatis.logging.jdbc.BaseJdbcLogger 137 debug - ==>  Preparing: SELECT * FROM reqRecord order by updateAt desc limit 10 offset 0
13:25:36:317 DEBUG org.apache.ibatis.logging.jdbc.BaseJdbcLogger 137 debug - ==> Parameters: 
13:25:36:353 DEBUG org.apache.ibatis.logging.jdbc.BaseJdbcLogger 137 debug - <==      Total: 2
13:25:36:359 DEBUG org.mybatis.logging.Logger 49 debug - Closing non transactional SqlSession [org.apache.ibatis.session.defaults.DefaultSqlSession@7e741d6b]
13:25:36:367 DEBUG org.mybatis.logging.Logger 49 debug - Creating a new SqlSession
13:25:36:368 DEBUG org.mybatis.logging.Logger 49 debug - SqlSession [org.apache.ibatis.session.defaults.DefaultSqlSession@abe7d36] was not registered for synchronization because synchronization is not active
13:25:36:368 DEBUG org.mybatis.logging.Logger 49 debug - JDBC Connection [HikariProxyConnection@451033109 wrapping conn0: url=jdbc:h2:mem:test user=SA] will not be managed by Spring
13:25:36:369 DEBUG org.apache.ibatis.logging.jdbc.BaseJdbcLogger 137 debug - ==>  Preparing: UPDATE reqRecord SET os = ?, updateAt = ? WHERE (id=?)
13:25:36:371 DEBUG org.apache.ibatis.logging.jdbc.BaseJdbcLogger 137 debug - ==> Parameters: windows(String), 2021-06-14T20:25:36.367516(LocalDateTime), 1(Long)
13:25:36:373 DEBUG org.apache.ibatis.logging.jdbc.BaseJdbcLogger 137 debug - <==    Updates: 1
13:25:36:374 DEBUG org.mybatis.logging.Logger 49 debug - Closing non transactional SqlSession [org.apache.ibatis.session.defaults.DefaultSqlSession@abe7d36]
13:25:36:377 DEBUG org.mybatis.logging.Logger 49 debug - Creating a new SqlSession
13:25:36:377 DEBUG org.mybatis.logging.Logger 49 debug - SqlSession [org.apache.ibatis.session.defaults.DefaultSqlSession@69a3944] was not registered for synchronization because synchronization is not active
13:25:36:378 DEBUG org.mybatis.logging.Logger 49 debug - JDBC Connection [HikariProxyConnection@1233589293 wrapping conn0: url=jdbc:h2:mem:test user=SA] will not be managed by Spring
13:25:36:378 DEBUG org.apache.ibatis.logging.jdbc.BaseJdbcLogger 137 debug - ==>  Preparing: select * from reqRecord where id=?
13:25:36:379 DEBUG org.apache.ibatis.logging.jdbc.BaseJdbcLogger 137 debug - ==> Parameters: 1(Long)
13:25:36:380 DEBUG org.apache.ibatis.logging.jdbc.BaseJdbcLogger 137 debug - <==      Total: 1
13:25:36:380 DEBUG org.mybatis.logging.Logger 49 debug - Closing non transactional SqlSession [org.apache.ibatis.session.defaults.DefaultSqlSession@69a3944]
13:25:36:382 DEBUG org.mybatis.logging.Logger 49 debug - Creating a new SqlSession
13:25:36:383 DEBUG org.mybatis.logging.Logger 49 debug - SqlSession [org.apache.ibatis.session.defaults.DefaultSqlSession@37816ea6] was not registered for synchronization because synchronization is not active
13:25:36:383 DEBUG org.mybatis.logging.Logger 49 debug - JDBC Connection [HikariProxyConnection@901225247 wrapping conn0: url=jdbc:h2:mem:test user=SA] will not be managed by Spring
13:25:36:383 DEBUG org.apache.ibatis.logging.jdbc.BaseJdbcLogger 137 debug - ==>  Preparing: UPDATE reqRecord SET os = ?, updateAt = ? WHERE (id=?)
13:25:36:384 DEBUG org.apache.ibatis.logging.jdbc.BaseJdbcLogger 137 debug - ==> Parameters: mac(String), 2021-06-14T20:25:36.382576(LocalDateTime), 1(Long)
13:25:36:385 DEBUG org.apache.ibatis.logging.jdbc.BaseJdbcLogger 137 debug - <==    Updates: 1
13:25:36:386 DEBUG org.mybatis.logging.Logger 49 debug - Closing non transactional SqlSession [org.apache.ibatis.session.defaults.DefaultSqlSession@37816ea6]
13:25:36:399 DEBUG org.mybatis.logging.Logger 49 debug - Creating a new SqlSession
13:25:36:399 DEBUG org.mybatis.logging.Logger 49 debug - SqlSession [org.apache.ibatis.session.defaults.DefaultSqlSession@69ae7632] was not registered for synchronization because synchronization is not active
13:25:36:399 DEBUG org.mybatis.logging.Logger 49 debug - JDBC Connection [HikariProxyConnection@1710845272 wrapping conn0: url=jdbc:h2:mem:test user=SA] will not be managed by Spring
13:25:36:400 DEBUG org.apache.ibatis.logging.jdbc.BaseJdbcLogger 137 debug - ==>  Preparing: SELECT * FROM reqRecord order by updateAt desc limit 10 offset 0
13:25:36:400 DEBUG org.apache.ibatis.logging.jdbc.BaseJdbcLogger 137 debug - ==> Parameters: 
13:25:36:401 DEBUG org.apache.ibatis.logging.jdbc.BaseJdbcLogger 137 debug - <==      Total: 2
13:25:36:402 DEBUG org.mybatis.logging.Logger 49 debug - Closing non transactional SqlSession [org.apache.ibatis.session.defaults.DefaultSqlSession@69ae7632]
13:25:36:403 DEBUG org.mybatis.logging.Logger 49 debug - Creating a new SqlSession
13:25:36:403 DEBUG org.mybatis.logging.Logger 49 debug - SqlSession [org.apache.ibatis.session.defaults.DefaultSqlSession@6d57b264] was not registered for synchronization because synchronization is not active
13:25:36:407 DEBUG org.mybatis.logging.Logger 49 debug - JDBC Connection [HikariProxyConnection@1036078976 wrapping conn0: url=jdbc:h2:mem:test user=SA] will not be managed by Spring
13:25:36:407 DEBUG org.apache.ibatis.logging.jdbc.BaseJdbcLogger 137 debug - ==>  Preparing: SELECT * FROM reqRecord WHERE (url LIKE ?) OR (ip LIKE ?) order by updateAt desc limit 10 offset 0
13:25:36:409 DEBUG org.apache.ibatis.logging.jdbc.BaseJdbcLogger 137 debug - ==> Parameters: 192.168.1.1%(String), 192.168.1.1%(String)
13:25:36:411 DEBUG org.apache.ibatis.logging.jdbc.BaseJdbcLogger 137 debug - <==      Total: 1
13:25:36:411 DEBUG org.mybatis.logging.Logger 49 debug - Closing non transactional SqlSession [org.apache.ibatis.session.defaults.DefaultSqlSession@6d57b264]
13:25:36:416 DEBUG org.mybatis.logging.Logger 49 debug - Creating a new SqlSession
13:25:36:416 DEBUG org.mybatis.logging.Logger 49 debug - SqlSession [org.apache.ibatis.session.defaults.DefaultSqlSession@1a1e38ab] was not registered for synchronization because synchronization is not active
13:25:36:417 DEBUG org.mybatis.logging.Logger 49 debug - JDBC Connection [HikariProxyConnection@1074601008 wrapping conn0: url=jdbc:h2:mem:test user=SA] will not be managed by Spring
13:25:36:417 DEBUG org.apache.ibatis.logging.jdbc.BaseJdbcLogger 137 debug - ==>  Preparing: SELECT * FROM reqRecord order by updateAt desc limit 10 offset 0
13:25:36:417 DEBUG org.apache.ibatis.logging.jdbc.BaseJdbcLogger 137 debug - ==> Parameters: 
13:25:36:418 DEBUG org.apache.ibatis.logging.jdbc.BaseJdbcLogger 137 debug - <==      Total: 2
13:25:36:419 DEBUG org.mybatis.logging.Logger 49 debug - Closing non transactional SqlSession [org.apache.ibatis.session.defaults.DefaultSqlSession@1a1e38ab]
13:25:36:419 DEBUG org.mybatis.logging.Logger 49 debug - Creating a new SqlSession
13:25:36:420 DEBUG org.mybatis.logging.Logger 49 debug - SqlSession [org.apache.ibatis.session.defaults.DefaultSqlSession@24bba1b7] was not registered for synchronization because synchronization is not active
13:25:36:420 DEBUG org.mybatis.logging.Logger 49 debug - JDBC Connection [HikariProxyConnection@920869086 wrapping conn0: url=jdbc:h2:mem:test user=SA] will not be managed by Spring
13:25:36:420 DEBUG org.apache.ibatis.logging.jdbc.BaseJdbcLogger 137 debug - ==>  Preparing: SELECT count(*) FROM reqRecord
13:25:36:421 DEBUG org.apache.ibatis.logging.jdbc.BaseJdbcLogger 137 debug - ==> Parameters: 
13:25:36:422 DEBUG org.apache.ibatis.logging.jdbc.BaseJdbcLogger 137 debug - <==      Total: 1
13:25:36:422 DEBUG org.mybatis.logging.Logger 49 debug - Closing non transactional SqlSession [org.apache.ibatis.session.defaults.DefaultSqlSession@24bba1b7]
13:25:36:427 DEBUG org.mybatis.logging.Logger 49 debug - Creating a new SqlSession
13:25:36:427 DEBUG org.mybatis.logging.Logger 49 debug - SqlSession [org.apache.ibatis.session.defaults.DefaultSqlSession@5089a72b] was not registered for synchronization because synchronization is not active
13:25:36:428 DEBUG org.mybatis.logging.Logger 49 debug - JDBC Connection [HikariProxyConnection@1418986727 wrapping conn0: url=jdbc:h2:mem:test user=SA] will not be managed by Spring
13:25:36:428 DEBUG org.apache.ibatis.logging.jdbc.BaseJdbcLogger 137 debug - ==>  Preparing: SELECT * FROM reqRecord order by updateAt desc limit 10 offset 0
13:25:36:428 DEBUG org.apache.ibatis.logging.jdbc.BaseJdbcLogger 137 debug - ==> Parameters: 
13:25:36:430 DEBUG org.apache.ibatis.logging.jdbc.BaseJdbcLogger 137 debug - <==      Total: 2
13:25:36:430 DEBUG org.mybatis.logging.Logger 49 debug - Closing non transactional SqlSession [org.apache.ibatis.session.defaults.DefaultSqlSession@5089a72b]
13:25:36:431 DEBUG org.mybatis.logging.Logger 49 debug - Creating a new SqlSession
13:25:36:431 DEBUG org.mybatis.logging.Logger 49 debug - SqlSession [org.apache.ibatis.session.defaults.DefaultSqlSession@670aac24] was not registered for synchronization because synchronization is not active
13:25:36:431 DEBUG org.mybatis.logging.Logger 49 debug - JDBC Connection [HikariProxyConnection@37292467 wrapping conn0: url=jdbc:h2:mem:test user=SA] will not be managed by Spring
13:25:36:431 DEBUG org.apache.ibatis.logging.jdbc.BaseJdbcLogger 137 debug - ==>  Preparing: insert into reqRecord(url, ip, duration, os, device, browser, status, createAt, updateAt) values(?, ?, ?, ?, ?, ?, ?, ?, ?)
13:25:36:432 DEBUG org.apache.ibatis.logging.jdbc.BaseJdbcLogger 137 debug - ==> Parameters: 127.0.0.1:60000/wormhole/test-save(String), 192.168.1.1(String), 0(Long), (String), (String), chrome(String), (String), 2021-06-14T20:25:36.431003(LocalDateTime), 2021-06-14T20:25:36.431014(LocalDateTime)
13:25:36:433 DEBUG org.apache.ibatis.logging.jdbc.BaseJdbcLogger 137 debug - <==    Updates: 1
13:25:36:434 DEBUG org.mybatis.logging.Logger 49 debug - Closing non transactional SqlSession [org.apache.ibatis.session.defaults.DefaultSqlSession@670aac24]
13:25:36:435 DEBUG org.mybatis.logging.Logger 49 debug - Creating a new SqlSession
13:25:36:435 DEBUG org.mybatis.logging.Logger 49 debug - SqlSession [org.apache.ibatis.session.defaults.DefaultSqlSession@1e34840f] was not registered for synchronization because synchronization is not active
13:25:36:435 DEBUG org.mybatis.logging.Logger 49 debug - JDBC Connection [HikariProxyConnection@1737683654 wrapping conn0: url=jdbc:h2:mem:test user=SA] will not be managed by Spring
13:25:36:436 DEBUG org.apache.ibatis.logging.jdbc.BaseJdbcLogger 137 debug - ==>  Preparing: delete from reqRecord where id=?
13:25:36:437 DEBUG org.apache.ibatis.logging.jdbc.BaseJdbcLogger 137 debug - ==> Parameters: 3(Long)
13:25:36:438 DEBUG org.apache.ibatis.logging.jdbc.BaseJdbcLogger 137 debug - <==    Updates: 1
13:25:36:438 DEBUG org.mybatis.logging.Logger 49 debug - Closing non transactional SqlSession [org.apache.ibatis.session.defaults.DefaultSqlSession@1e34840f]
